<component name="libraryTable">
  <library name="junit_4">
    <CLASSES>
      <root url="jar://$PROJECT_DIR$/UM_LIBRARY_MANAGEMENT_SYSTEM/lib/junit_4/junit-4.13.2-sources.jar!/" />
      <root url="jar://$PROJECT_DIR$/UM_LIBRARY_MANAGEMENT_SYSTEM/lib/junit_4/junit-4.13.2.jar!/" />
      <root url="jar://$PROJECT_DIR$/UM_LIBRARY_MANAGEMENT_SYSTEM/lib/junit_4/junit-4.13.2-javadoc.jar!/" />
    </CLASSES>
    <JAVADOC />
    <SOURCES />
  </library>
</component>