<component name="libraryTable">
  <library name="junit_5">
    <CLASSES>
      <root url="jar://$PROJECT_DIR$/lib/junit_4/junit-4.13.2-javadoc.jar!/" />
      <root url="jar://$PROJECT_DIR$/lib/junit_4/junit-4.13.2.jar!/" />
      <root url="jar://$PROJECT_DIR$/lib/junit_4/junit-4.13.2-sources.jar!/" />
    </CLASSES>
    <JAVADOC />
    <SOURCES />
  </library>
</component>